# JRE version: OpenJDK Runtime Environment Temurin-21.0.9+10 (21.0.9+10) (build 21.0.9+10-LTS)
# Java VM: OpenJDK 64-Bit Server VM Temurin-21.0.9+10 (21.0.9+10-LTS, mixed mode, sharing, tiered, compressed oops, compressed class ptrs, g1 gc, windows-amd64)
GC Precious Log:
 CardTable entry size: 512
 Card Set container configuration: InlinePtr #cards 5 size 8 Array Of Cards #cards 12 size 40 Howl #buckets 4 coarsen threshold 1843 Howl Bitmap #cards 512 size 80 coarsen threshold 460 Card regions per heap region 1 cards per card region 2048
 CPUs: 12 total, 12 available
 Memory: 7501M
 Large Page Support: Disabled
 NUMA Support: Disabled
 Compressed Oops: Enabled (32-bit)
 Heap Region Size: 1M
 Heap Min Capacity: 8M
 Heap Initial Capacity: 118M
 Heap Max Capacity: 1876M
 Pre-touch: Disabled
 Parallel Workers: 10
 Concurrent Workers: 3
 Concurrent Refinement Workers: 10
 Periodic GC: Disabled
Heap:
 garbage-first heap   total 60416K, used 51503K [0x000000008ac00000, 0x0000000100000000)
  region size 1024K, 28 young (28672K), 2 survivors (2048K)
 Metaspace       used 64545K, committed 65216K, reserved 1114112K
  class space    used 9008K, committed 9280K, reserved 1048576K
GC Heap History (20 events):
Event: 1.027 GC heap before
{Heap before GC invocations=0 (full 0):
 garbage-first heap   total 120832K, used 24576K [0x000000008ac00000, 0x0000000100000000)
  region size 1024K, 23 young (23552K), 0 survivors (0K)
 Metaspace       used 5171K, committed 5376K, reserved 1114112K
  class space    used 600K, committed 704K, reserved 1048576K
}
Event: 1.033 GC heap after
{Heap after GC invocations=1 (full 0):
 garbage-first heap   total 120832K, used 7848K [0x000000008ac00000, 0x0000000100000000)
  region size 1024K, 3 young (3072K), 3 survivors (3072K)
 Metaspace       used 5171K, committed 5376K, reserved 1114112K
  class space    used 600K, committed 704K, reserved 1048576K
}
Event: 1.965 GC heap before
{Heap before GC invocations=1 (full 0):
 garbage-first heap   total 120832K, used 37544K [0x000000008ac00000, 0x0000000100000000)
  region size 1024K, 32 young (32768K), 3 survivors (3072K)
 Metaspace       used 13255K, committed 13568K, reserved 1114112K
  class space    used 1657K, committed 1792K, reserved 1048576K
}
Event: 1.973 GC heap after
{Heap after GC invocations=2 (full 0):
 garbage-first heap   total 120832K, used 11193K [0x000000008ac00000, 0x0000000100000000)
  region size 1024K, 4 young (4096K), 4 survivors (4096K)
 Metaspace       used 13255K, committed 13568K, reserved 1114112K
  class space    used 1657K, committed 1792K, reserved 1048576K
}
Event: 12.474 GC heap before
{Heap before GC invocations=2 (full 0):
 garbage-first heap   total 120832K, used 48057K [0x000000008ac00000, 0x0000000100000000)
  region size 1024K, 42 young (43008K), 4 survivors (4096K)
 Metaspace       used 21055K, committed 21504K, reserved 1114112K
  class space    used 2597K, committed 2816K, reserved 1048576K
}
Event: 12.485 GC heap after
{Heap after GC invocations=3 (full 0):
 garbage-first heap   total 120832K, used 14606K [0x000000008ac00000, 0x0000000100000000)
  region size 1024K, 7 young (7168K), 7 survivors (7168K)
 Metaspace       used 21055K, committed 21504K, reserved 1114112K
  class space    used 2597K, committed 2816K, reserved 1048576K
}
Event: 14.310 GC heap before
{Heap before GC invocations=4 (full 0):
 garbage-first heap   total 51200K, used 50446K [0x000000008ac00000, 0x0000000100000000)
  region size 1024K, 42 young (43008K), 7 survivors (7168K)
 Metaspace       used 27328K, committed 27776K, reserved 1114112K
  class space    used 3507K, committed 3712K, reserved 1048576K
}
Event: 14.320 GC heap after
{Heap after GC invocations=5 (full 0):
 garbage-first heap   total 60416K, used 16918K [0x000000008ac00000, 0x0000000100000000)
  region size 1024K, 6 young (6144K), 6 survivors (6144K)
 Metaspace       used 27328K, committed 27776K, reserved 1114112K
  class space    used 3507K, committed 3712K, reserved 1048576K
}
Event: 15.569 GC heap before
{Heap before GC invocations=5 (full 0):
 garbage-first heap   total 60416K, used 46614K [0x000000008ac00000, 0x0000000100000000)
  region size 1024K, 35 young (35840K), 6 survivors (6144K)
 Metaspace       used 32775K, committed 33344K, reserved 1114112K
  class space    used 4252K, committed 4544K, reserved 1048576K
}
Event: 15.580 GC heap after
{Heap after GC invocations=6 (full 0):
 garbage-first heap   total 60416K, used 19421K [0x000000008ac00000, 0x0000000100000000)
  region size 1024K, 5 young (5120K), 5 survivors (5120K)
 Metaspace       used 32775K, committed 33344K, reserved 1114112K
  class space    used 4252K, committed 4544K, reserved 1048576K
}
Event: 16.184 GC heap before
{Heap before GC invocations=6 (full 0):
 garbage-first heap   total 60416K, used 33757K [0x000000008ac00000, 0x0000000100000000)
  region size 1024K, 21 young (21504K), 5 survivors (5120K)
 Metaspace       used 35357K, committed 35968K, reserved 1114112K
  class space    used 4564K, committed 4800K, reserved 1048576K
}
Event: 16.190 GC heap after
{Heap after GC invocations=7 (full 0):
 garbage-first heap   total 60416K, used 20880K [0x000000008ac00000, 0x0000000100000000)
  region size 1024K, 2 young (2048K), 2 survivors (2048K)
 Metaspace       used 35357K, committed 35968K, reserved 1114112K
  class space    used 4564K, committed 4800K, reserved 1048576K
}
Event: 17.344 GC heap before
{Heap before GC invocations=8 (full 0):
 garbage-first heap   total 60416K, used 50576K [0x000000008ac00000, 0x0000000100000000)
  region size 1024K, 31 young (31744K), 2 survivors (2048K)
 Metaspace       used 42293K, committed 42816K, reserved 1114112K
  class space    used 5816K, committed 6080K, reserved 1048576K
}
Event: 17.349 GC heap after
{Heap after GC invocations=9 (full 0):
 garbage-first heap   total 60416K, used 22608K [0x000000008ac00000, 0x0000000100000000)
  region size 1024K, 4 young (4096K), 4 survivors (4096K)
 Metaspace       used 42293K, committed 42816K, reserved 1114112K
  class space    used 5816K, committed 6080K, reserved 1048576K
}
Event: 18.634 GC heap before
{Heap before GC invocations=9 (full 0):
 garbage-first heap   total 60416K, used 50256K [0x000000008ac00000, 0x0000000100000000)
  region size 1024K, 32 young (32768K), 4 survivors (4096K)
 Metaspace       used 50899K, committed 51520K, reserved 1114112K
  class space    used 6905K, committed 7168K, reserved 1048576K
}
Event: 18.642 GC heap after
{Heap after GC invocations=10 (full 0):
 garbage-first heap   total 60416K, used 24278K [0x000000008ac00000, 0x0000000100000000)
  region size 1024K, 4 young (4096K), 4 survivors (4096K)
 Metaspace       used 50899K, committed 51520K, reserved 1114112K
  class space    used 6905K, committed 7168K, reserved 1048576K
}
Event: 19.689 GC heap before
{Heap before GC invocations=10 (full 0):
 garbage-first heap   total 60416K, used 50902K [0x000000008ac00000, 0x0000000100000000)
  region size 1024K, 31 young (31744K), 4 survivors (4096K)
 Metaspace       used 59041K, committed 59648K, reserved 1114112K
  class space    used 8134K, committed 8384K, reserved 1048576K
}
Event: 19.698 GC heap after
{Heap after GC invocations=11 (full 0):
 garbage-first heap   total 60416K, used 25912K [0x000000008ac00000, 0x0000000100000000)
  region size 1024K, 4 young (4096K), 4 survivors (4096K)
 Metaspace       used 59041K, committed 59648K, reserved 1114112K
  class space    used 8134K, committed 8384K, reserved 1048576K
}
Event: 19.772 GC heap before
{Heap before GC invocations=11 (full 0):
 garbage-first heap   total 60416K, used 26936K [0x000000008ac00000, 0x0000000100000000)
  region size 1024K, 6 young (6144K), 4 survivors (4096K)
 Metaspace       used 59503K, committed 60096K, reserved 1114112K
  class space    used 8217K, committed 8448K, reserved 1048576K
}
Event: 19.776 GC heap after
{Heap after GC invocations=12 (full 0):
 garbage-first heap   total 60416K, used 25903K [0x000000008ac00000, 0x0000000100000000)
  region size 1024K, 2 young (2048K), 2 survivors (2048K)
 Metaspace       used 59503K, committed 60096K, reserved 1114112K
  class space    used 8217K, committed 8448K, reserved 1048576K
}

