# JRE version: OpenJDK Runtime Environment Temurin-21.0.9+10 (21.0.9+10) (build 21.0.9+10-LTS)
# Java VM: OpenJDK 64-Bit Server VM Temurin-21.0.9+10 (21.0.9+10-LTS, mixed mode, sharing, tiered, compressed oops, compressed class ptrs, g1 gc, windows-amd64)
GC Precious Log:
 CardTable entry size: 512
 Card Set container configuration: InlinePtr #cards 5 size 8 Array Of Cards #cards 12 size 40 Howl #buckets 4 coarsen threshold 1843 Howl Bitmap #cards 512 size 80 coarsen threshold 460 Card regions per heap region 1 cards per card region 2048
 CPUs: 12 total, 12 available
 Memory: 7501M
 Large Page Support: Disabled
 NUMA Support: Disabled
 Compressed Oops: Enabled (32-bit)
 Heap Region Size: 1M
 Heap Min Capacity: 8M
 Heap Initial Capacity: 118M
 Heap Max Capacity: 1876M
 Pre-touch: Disabled
 Parallel Workers: 10
 Concurrent Workers: 3
 Concurrent Refinement Workers: 10
 Periodic GC: Disabled
Heap:
 garbage-first heap   total 75776K, used 61773K [0x000000008ac00000, 0x0000000100000000)
  region size 1024K, 32 young (32768K), 5 survivors (5120K)
 Metaspace       used 89430K, committed 90176K, reserved 1179648K
  class space    used 12630K, committed 12928K, reserved 1048576K
GC Heap History (20 events):
Event: 6.587 GC heap before
{Heap before GC invocations=6 (full 0):
 garbage-first heap   total 61440K, used 33792K [0x000000008ac00000, 0x0000000100000000)
  region size 1024K, 21 young (21504K), 5 survivors (5120K)
 Metaspace       used 35387K, committed 35968K, reserved 1114112K
  class space    used 4561K, committed 4864K, reserved 1048576K
}
Event: 6.592 GC heap after
{Heap after GC invocations=7 (full 0):
 garbage-first heap   total 61440K, used 21105K [0x000000008ac00000, 0x0000000100000000)
  region size 1024K, 2 young (2048K), 2 survivors (2048K)
 Metaspace       used 35387K, committed 35968K, reserved 1114112K
  class space    used 4561K, committed 4864K, reserved 1048576K
}
Event: 7.912 GC heap before
{Heap before GC invocations=8 (full 0):
 garbage-first heap   total 61440K, used 50801K [0x000000008ac00000, 0x0000000100000000)
  region size 1024K, 31 young (31744K), 2 survivors (2048K)
 Metaspace       used 42318K, committed 42944K, reserved 1114112K
  class space    used 5812K, committed 6080K, reserved 1048576K
}
Event: 7.916 GC heap after
{Heap after GC invocations=9 (full 0):
 garbage-first heap   total 61440K, used 23094K [0x000000008ac00000, 0x0000000100000000)
  region size 1024K, 4 young (4096K), 4 survivors (4096K)
 Metaspace       used 42318K, committed 42944K, reserved 1114112K
  class space    used 5812K, committed 6080K, reserved 1048576K
}
Event: 8.992 GC heap before
{Heap before GC invocations=9 (full 0):
 garbage-first heap   total 61440K, used 50742K [0x000000008ac00000, 0x0000000100000000)
  region size 1024K, 32 young (32768K), 4 survivors (4096K)
 Metaspace       used 50940K, committed 51520K, reserved 1114112K
  class space    used 6902K, committed 7168K, reserved 1048576K
}
Event: 8.997 GC heap after
{Heap after GC invocations=10 (full 0):
 garbage-first heap   total 61440K, used 24796K [0x000000008ac00000, 0x0000000100000000)
  region size 1024K, 4 young (4096K), 4 survivors (4096K)
 Metaspace       used 50940K, committed 51520K, reserved 1114112K
  class space    used 6902K, committed 7168K, reserved 1048576K
}
Event: 9.781 GC heap before
{Heap before GC invocations=10 (full 0):
 garbage-first heap   total 61440K, used 52444K [0x000000008ac00000, 0x0000000100000000)
  region size 1024K, 31 young (31744K), 4 survivors (4096K)
 Metaspace       used 59084K, committed 59648K, reserved 1114112K
  class space    used 8129K, committed 8384K, reserved 1048576K
}
Event: 9.787 GC heap after
{Heap after GC invocations=11 (full 0):
 garbage-first heap   total 61440K, used 26287K [0x000000008ac00000, 0x0000000100000000)
  region size 1024K, 4 young (4096K), 4 survivors (4096K)
 Metaspace       used 59084K, committed 59648K, reserved 1114112K
  class space    used 8129K, committed 8384K, reserved 1048576K
}
Event: 9.868 GC heap before
{Heap before GC invocations=11 (full 0):
 garbage-first heap   total 61440K, used 27311K [0x000000008ac00000, 0x0000000100000000)
  region size 1024K, 6 young (6144K), 4 survivors (4096K)
 Metaspace       used 59543K, committed 60096K, reserved 1114112K
  class space    used 8211K, committed 8448K, reserved 1048576K
}
Event: 9.872 GC heap after
{Heap after GC invocations=12 (full 0):
 garbage-first heap   total 61440K, used 26363K [0x000000008ac00000, 0x0000000100000000)
  region size 1024K, 2 young (2048K), 2 survivors (2048K)
 Metaspace       used 59543K, committed 60096K, reserved 1114112K
  class space    used 8211K, committed 8448K, reserved 1048576K
}
Event: 10.749 GC heap before
{Heap before GC invocations=13 (full 0):
 garbage-first heap   total 61440K, used 54011K [0x000000008ac00000, 0x0000000100000000)
  region size 1024K, 29 young (29696K), 2 survivors (2048K)
 Metaspace       used 64870K, committed 65536K, reserved 1114112K
  class space    used 9054K, committed 9344K, reserved 1048576K
}
Event: 10.752 GC heap after
{Heap after GC invocations=14 (full 0):
 garbage-first heap   total 61440K, used 27893K [0x000000008ac00000, 0x0000000100000000)
  region size 1024K, 4 young (4096K), 4 survivors (4096K)
 Metaspace       used 64870K, committed 65536K, reserved 1114112K
  class space    used 9054K, committed 9344K, reserved 1048576K
}
Event: 11.453 GC heap before
{Heap before GC invocations=14 (full 0):
 garbage-first heap   total 61440K, used 53493K [0x000000008ac00000, 0x0000000100000000)
  region size 1024K, 30 young (30720K), 4 survivors (4096K)
 Metaspace       used 69628K, committed 70208K, reserved 1114112K
  class space    used 9849K, committed 10112K, reserved 1048576K
}
Event: 11.461 GC heap after
{Heap after GC invocations=15 (full 0):
 garbage-first heap   total 62464K, used 29626K [0x000000008ac00000, 0x0000000100000000)
  region size 1024K, 4 young (4096K), 4 survivors (4096K)
 Metaspace       used 69628K, committed 70208K, reserved 1114112K
  class space    used 9849K, committed 10112K, reserved 1048576K
}
Event: 11.968 GC heap before
{Heap before GC invocations=15 (full 0):
 garbage-first heap   total 62464K, used 55226K [0x000000008ac00000, 0x0000000100000000)
  region size 1024K, 29 young (29696K), 4 survivors (4096K)
 Metaspace       used 73426K, committed 74048K, reserved 1114112K
  class space    used 10579K, committed 10816K, reserved 1048576K
}
Event: 11.974 GC heap after
{Heap after GC invocations=16 (full 0):
 garbage-first heap   total 75776K, used 31650K [0x000000008ac00000, 0x0000000100000000)
  region size 1024K, 4 young (4096K), 4 survivors (4096K)
 Metaspace       used 73426K, committed 74048K, reserved 1114112K
  class space    used 10579K, committed 10816K, reserved 1048576K
}
Event: 13.099 GC heap before
{Heap before GC invocations=16 (full 0):
 garbage-first heap   total 75776K, used 67490K [0x000000008ac00000, 0x0000000100000000)
  region size 1024K, 40 young (40960K), 4 survivors (4096K)
 Metaspace       used 80277K, committed 80960K, reserved 1179648K
  class space    used 11446K, committed 11712K, reserved 1048576K
}
Event: 13.105 GC heap after
{Heap after GC invocations=17 (full 0):
 garbage-first heap   total 75776K, used 33924K [0x000000008ac00000, 0x0000000100000000)
  region size 1024K, 5 young (5120K), 5 survivors (5120K)
 Metaspace       used 80277K, committed 80960K, reserved 1179648K
  class space    used 11446K, committed 11712K, reserved 1048576K
}
Event: 76.887 GC heap before
{Heap before GC invocations=18 (full 0):
 garbage-first heap   total 75776K, used 67716K [0x000000008ac00000, 0x0000000100000000)
  region size 1024K, 38 young (38912K), 5 survivors (5120K)
 Metaspace       used 83264K, committed 83968K, reserved 1179648K
  class space    used 11853K, committed 12160K, reserved 1048576K
}
Event: 76.897 GC heap after
{Heap after GC invocations=19 (full 0):
 garbage-first heap   total 75776K, used 36173K [0x000000008ac00000, 0x0000000100000000)
  region size 1024K, 5 young (5120K), 5 survivors (5120K)
 Metaspace       used 83264K, committed 83968K, reserved 1179648K
  class space    used 11853K, committed 12160K, reserved 1048576K
}

